{
  "RSpec": {
    "coverage": {
      "C:/Users/suzuki/Documents/GitHub/practice/hoge.rb": [
        1,
        1,
        1,
        1,
        24,
        24,
        24,
        24,
        24,
        null,
        null,
        1,
        277,
        249,
        null,
        243,
        202,
        null,
        41,
        14,
        15,
        12,
        null,
        null,
        240,
        null,
        null,
        null,
        1,
        277,
        240,
        null,
        240,
        201,
        201,
        null,
        39,
        39,
        null,
        null,
        240,
        151,
        151,
        151,
        null,
        240,
        null,
        null,
        1,
        10,
        9,
        80,
        7,
        7,
        null,
        73,
        29,
        29,
        null,
        44,
        44,
        44,
        null,
        null,
        103,
        null,
        null,
        1,
        37,
        null,
        null,
        1,
        7,
        7,
        null,
        null,
        null,
        null,
        null,
        1,
        29,
        10,
        4,
        15,
        null,
        null,
        null,
        null
      ]
    },
    "timestamp": 1520151395
  }
}
