{
  "RSpec": {
    "coverage": {
      "C:/Users/suzuki/Documents/GitHub/practice/hoge.rb": [
        1,
        1,
        1,
        1,
        24,
        24,
        24,
        24,
        24,
        null,
        null,
        1,
        277,
        249,
        null,
        243,
        202,
        null,
        41,
        14,
        15,
        12,
        null,
        null,
        240,
        null,
        null,
        1,
        277,
        240,
        null,
        240,
        201,
        201,
        null,
        39,
        39,
        null,
        null,
        240,
        151,
        151,
        151,
        null,
        240,
        null,
        null,
        1,
        10,
        9,
        72,
        7,
        7,
        null,
        65,
        21,
        20,
        null,
        44,
        44,
        44,
        null,
        null,
        93,
        null,
        null,
        1,
        37,
        null,
        null,
        1,
        7,
        7,
        null,
        0,
        null,
        null,
        null,
        null,
        1,
        21,
        10,
        3,
        8,
        null,
        1,
        null,
        null,
        null
      ]
    },
    "timestamp": 1520104131
  }
}
